fatal error: out of memory allocating heap arena map

runtime stack:
runtime.throw({0xa40c88?, 0x0?})
	/usr/lib/go-1.19/src/runtime/panic.go:1047 +0x5d fp=0x7ffc6f4c3cf0 sp=0x7ffc6f4c3cc0 pc=0x43765d
runtime.(*mheap).sysAlloc(0xe55ba0, 0x0?)
	/usr/lib/go-1.19/src/runtime/malloc.go:676 +0x316 fp=0x7ffc6f4c3d88 sp=0x7ffc6f4c3cf0 pc=0x40e176
runtime.(*mheap).grow(0xe55ba0, 0x0?)
	/usr/lib/go-1.19/src/runtime/mheap.go:1418 +0x73 fp=0x7ffc6f4c3df8 sp=0x7ffc6f4c3d88 pc=0x42a573
runtime.(*mheap).allocSpan(0xe55ba0, 0x1, 0x0, 0x18)
	/usr/lib/go-1.19/src/runtime/mheap.go:1199 +0x1be fp=0x7ffc6f4c3e90 sp=0x7ffc6f4c3df8 pc=0x429e7e
runtime.(*mheap).alloc.func1()
	/usr/lib/go-1.19/src/runtime/mheap.go:918 +0x65 fp=0x7ffc6f4c3ed8 sp=0x7ffc6f4c3e90 pc=0x429905
runtime.(*mheap).alloc(0x7ffc6f4c3f60?, 0x40526f?, 0x0?)
	/usr/lib/go-1.19/src/runtime/mheap.go:912 +0x65 fp=0x7ffc6f4c3f20 sp=0x7ffc6f4c3ed8 pc=0x429845
runtime.(*mcentral).grow(0x405196?)
	/usr/lib/go-1.19/src/runtime/mcentral.go:244 +0x5b fp=0x7ffc6f4c3f68 sp=0x7ffc6f4c3f20 pc=0x4194bb
runtime.(*mcentral).cacheSpan(0xe66fe0)
	/usr/lib/go-1.19/src/runtime/mcentral.go:164 +0x306 fp=0x7ffc6f4c3fc0 sp=0x7ffc6f4c3f68 pc=0x419306
runtime.(*mcache).refill(0x7fdd825b7108, 0x0?)
	/usr/lib/go-1.19/src/runtime/mcache.go:181 +0x152 fp=0x7ffc6f4c4000 sp=0x7ffc6f4c3fc0 pc=0x4189d2
runtime.(*mcache).nextFree(0x7fdd825b7108, 0x18)
	/usr/lib/go-1.19/src/runtime/malloc.go:819 +0x85 fp=0x7ffc6f4c4048 sp=0x7ffc6f4c4000 pc=0x40e6a5
runtime.mallocgc(0xa0, 0x9845c0, 0x1)
	/usr/lib/go-1.19/src/runtime/malloc.go:1018 +0x4c8 fp=0x7ffc6f4c40c0 sp=0x7ffc6f4c4048 pc=0x40ed08
runtime.newobject(0xe718a0?)
	/usr/lib/go-1.19/src/runtime/malloc.go:1202 +0x27 fp=0x7ffc6f4c40e8 sp=0x7ffc6f4c40c0 pc=0x40f227
internal/cpu.doinit()
	/usr/lib/go-1.19/src/internal/cpu/cpu_x86.go:50 +0x25 fp=0x7ffc6f4c4150 sp=0x7ffc6f4c40e8 pc=0x401e25
internal/cpu.Initialize({0x0, 0x0})
	/usr/lib/go-1.19/src/internal/cpu/cpu.go:124 +0x25 fp=0x7ffc6f4c4170 sp=0x7ffc6f4c4150 pc=0x401865
runtime.cpuinit()
	/usr/lib/go-1.19/src/runtime/proc.go:632 +0xff fp=0x7ffc6f4c41b0 sp=0x7ffc6f4c4170 pc=0x43af1f
runtime.schedinit()
	/usr/lib/go-1.19/src/runtime/proc.go:694 +0xb0 fp=0x7ffc6f4c4210 sp=0x7ffc6f4c41b0 pc=0x43b030
runtime.rt0_go()
	/usr/lib/go-1.19/src/runtime/asm_amd64.s:345 +0x11c fp=0x7ffc6f4c4218 sp=0x7ffc6f4c4210 pc=0x465d1c
